0 verbose cli E:\Node\node.exe E:\Node\node_modules\npm\bin\npm-cli.js
1 info using npm@10.9.3
2 info using node@v22.18.0
3 silly config load:file:E:\Node\node_modules\npm\npmrc
4 silly config load:file:C:\Users\nishu\AppData\Local\Microsoft\TypeScript\5.9\.npmrc
5 silly config load:file:C:\Users\nishu\.npmrc
6 silly config load:file:E:\Node\node_global\etc\npmrc
7 verbose title npm install types-registry@latest
8 verbose argv "install" "--ignore-scripts" "types-registry@latest"
9 verbose logfile logs-max:10 dir:F:\CodeforGo\MagicStreamMovies\npm-cache\_logs\2025-11-15T07_38_41_177Z-
10 verbose logfile F:\CodeforGo\MagicStreamMovies\npm-cache\_logs\2025-11-15T07_38_41_177Z-debug-0.log
11 silly logfile done cleaning log files
12 silly packumentCache heap:2197815296 maxSize:549453824 maxEntrySize:274726912
13 silly packumentCache corgi:https://registry.npmjs.org/types-registry cache-miss
14 http fetch GET 200 https://registry.npmjs.org/types-registry 1231ms (cache miss)
15 silly packumentCache corgi:https://registry.npmjs.org/types-registry set size:undefined disposed:false
16 silly idealTree buildDeps
17 silly fetch manifest types-registry@0.1.746
18 silly packumentCache full:https://registry.npmjs.org/types-registry cache-miss
19 http fetch GET 200 https://registry.npmjs.org/types-registry 368ms (cache miss)
20 silly packumentCache full:https://registry.npmjs.org/types-registry set size:undefined disposed:false
21 silly placeDep ROOT types-registry@0.1.746 OK for:  want: 0.1.746
22 silly reify moves {}
23 silly audit bulk request { 'types-registry': [ '0.1.746' ] }
24 http cache types-registry@https://registry.npmjs.org/types-registry/-/types-registry-0.1.746.tgz 0ms (cache hit)
25 silly tarball no local data for types-registry@https://registry.npmjs.org/types-registry/-/types-registry-0.1.746.tgz. Extracting by manifest.
26 http fetch POST 200 https://registry.npmjs.org/-/npm/v1/security/advisories/bulk 218ms
27 silly audit report {}
28 http fetch GET 200 https://registry.npmjs.org/types-registry/-/types-registry-0.1.746.tgz 1413ms (cache miss)
29 silly ADD node_modules/types-registry
30 verbose cwd C:\Users\nishu\AppData\Local\Microsoft\TypeScript\5.9
31 verbose os Windows_NT 10.0.26200
32 verbose node v22.18.0
33 verbose npm  v10.9.3
34 verbose exit 0
35 info ok
