0 verbose cli E:\Node\node.exe E:\Node\node_modules\npm\bin\npm-cli.js
1 info using npm@10.9.3
2 info using node@v22.18.0
3 silly config load:file:E:\Node\node_modules\npm\npmrc
4 silly config load:file:F:\CodeforGo\MagicStreamMovies\Client\magic-stream-client\.npmrc
5 silly config load:file:C:\Users\nishu\.npmrc
6 silly config load:file:E:\Node\node_global\etc\npmrc
7 verbose title npm install bootstrap
8 verbose argv "install" "bootstrap"
9 verbose logfile logs-max:10 dir:F:\CodeforGo\MagicStreamMovies\npm-cache\_logs\2025-11-21T07_32_25_767Z-
10 verbose logfile F:\CodeforGo\MagicStreamMovies\npm-cache\_logs\2025-11-21T07_32_25_767Z-debug-0.log
11 silly logfile start cleaning logs, removing 1 files
12 silly packumentCache heap:2197815296 maxSize:549453824 maxEntrySize:274726912
13 silly logfile done cleaning log files
14 silly idealTree buildDeps
15 silly fetch manifest bootstrap@*
16 silly packumentCache full:https://registry.npmjs.org/bootstrap cache-miss
17 http fetch GET 200 https://registry.npmjs.org/bootstrap 921ms (cache miss)
18 silly packumentCache full:https://registry.npmjs.org/bootstrap set size:undefined disposed:false
19 silly fetch manifest @popperjs/core@^2.11.8
20 silly packumentCache full:https://registry.npmjs.org/@popperjs%2fcore cache-miss
21 http fetch GET 200 https://registry.npmjs.org/@popperjs%2fcore 249ms (cache revalidated)
22 silly packumentCache full:https://registry.npmjs.org/@popperjs%2fcore set size:579534 disposed:false
23 silly placeDep ROOT bootstrap@5.3.8 OK for: magic-stream-client@0.0.0 want: *
24 silly reify moves {}
25 silly audit bulk request {
25 silly audit   '@babel/code-frame': [ '7.27.1' ],
25 silly audit   '@babel/compat-data': [ '7.28.5' ],
25 silly audit   '@babel/core': [ '7.28.5' ],
25 silly audit   '@babel/generator': [ '7.28.5' ],
25 silly audit   '@babel/helper-compilation-targets': [ '7.27.2' ],
25 silly audit   '@babel/helper-globals': [ '7.28.0' ],
25 silly audit   '@babel/helper-module-imports': [ '7.27.1' ],
25 silly audit   '@babel/helper-module-transforms': [ '7.28.3' ],
25 silly audit   '@babel/helper-plugin-utils': [ '7.27.1' ],
25 silly audit   '@babel/helper-string-parser': [ '7.27.1' ],
25 silly audit   '@babel/helper-validator-identifier': [ '7.28.5' ],
25 silly audit   '@babel/helper-validator-option': [ '7.27.1' ],
25 silly audit   '@babel/helpers': [ '7.28.4' ],
25 silly audit   '@babel/parser': [ '7.28.5' ],
25 silly audit   '@babel/plugin-transform-react-jsx-self': [ '7.27.1' ],
25 silly audit   '@babel/plugin-transform-react-jsx-source': [ '7.27.1' ],
25 silly audit   '@babel/runtime': [ '7.28.4' ],
25 silly audit   '@babel/template': [ '7.27.2' ],
25 silly audit   '@babel/traverse': [ '7.28.5' ],
25 silly audit   '@babel/types': [ '7.28.5' ],
25 silly audit   '@esbuild/aix-ppc64': [ '0.25.12' ],
25 silly audit   '@esbuild/android-arm': [ '0.25.12' ],
25 silly audit   '@esbuild/android-arm64': [ '0.25.12' ],
25 silly audit   '@esbuild/android-x64': [ '0.25.12' ],
25 silly audit   '@esbuild/darwin-arm64': [ '0.25.12' ],
25 silly audit   '@esbuild/darwin-x64': [ '0.25.12' ],
25 silly audit   '@esbuild/freebsd-arm64': [ '0.25.12' ],
25 silly audit   '@esbuild/freebsd-x64': [ '0.25.12' ],
25 silly audit   '@esbuild/linux-arm': [ '0.25.12' ],
25 silly audit   '@esbuild/linux-arm64': [ '0.25.12' ],
25 silly audit   '@esbuild/linux-ia32': [ '0.25.12' ],
25 silly audit   '@esbuild/linux-loong64': [ '0.25.12' ],
25 silly audit   '@esbuild/linux-mips64el': [ '0.25.12' ],
25 silly audit   '@esbuild/linux-ppc64': [ '0.25.12' ],
25 silly audit   '@esbuild/linux-riscv64': [ '0.25.12' ],
25 silly audit   '@esbuild/linux-s390x': [ '0.25.12' ],
25 silly audit   '@esbuild/linux-x64': [ '0.25.12' ],
25 silly audit   '@esbuild/netbsd-arm64': [ '0.25.12' ],
25 silly audit   '@esbuild/netbsd-x64': [ '0.25.12' ],
25 silly audit   '@esbuild/openbsd-arm64': [ '0.25.12' ],
25 silly audit   '@esbuild/openbsd-x64': [ '0.25.12' ],
25 silly audit   '@esbuild/openharmony-arm64': [ '0.25.12' ],
25 silly audit   '@esbuild/sunos-x64': [ '0.25.12' ],
25 silly audit   '@esbuild/win32-arm64': [ '0.25.12' ],
25 silly audit   '@esbuild/win32-ia32': [ '0.25.12' ],
25 silly audit   '@esbuild/win32-x64': [ '0.25.12' ],
25 silly audit   '@eslint-community/eslint-utils': [ '4.9.0' ],
25 silly audit   'eslint-visitor-keys': [ '3.4.3', '4.2.1' ],
25 silly audit   '@eslint-community/regexpp': [ '4.12.2' ],
25 silly audit   '@eslint/config-array': [ '0.21.1' ],
25 silly audit   '@eslint/config-helpers': [ '0.4.2' ],
25 silly audit   '@eslint/core': [ '0.17.0' ],
25 silly audit   '@eslint/eslintrc': [ '3.3.1' ],
25 silly audit   globals: [ '14.0.0', '16.5.0' ],
25 silly audit   '@eslint/js': [ '9.39.1' ],
25 silly audit   '@eslint/object-schema': [ '2.1.7' ],
25 silly audit   '@eslint/plugin-kit': [ '0.4.1' ],
25 silly audit   '@humanfs/core': [ '0.19.1' ],
25 silly audit   '@humanfs/node': [ '0.16.7' ],
25 silly audit   '@humanwhocodes/module-importer': [ '1.0.1' ],
25 silly audit   '@humanwhocodes/retry': [ '0.4.3' ],
25 silly audit   '@jridgewell/gen-mapping': [ '0.3.13' ],
25 silly audit   '@jridgewell/remapping': [ '2.3.5' ],
25 silly audit   '@jridgewell/resolve-uri': [ '3.1.2' ],
25 silly audit   '@jridgewell/sourcemap-codec': [ '1.5.5' ],
25 silly audit   '@jridgewell/trace-mapping': [ '0.3.31' ],
25 silly audit   '@popperjs/core': [ '2.11.8' ],
25 silly audit   '@react-aria/ssr': [ '3.9.10' ],
25 silly audit   '@restart/hooks': [ '0.4.16', '0.5.1' ],
25 silly audit   '@restart/ui': [ '1.9.4' ],
25 silly audit   uncontrollable: [ '8.0.4', '7.2.1' ],
25 silly audit   '@rolldown/pluginutils': [ '1.0.0-beta.47' ],
25 silly audit   '@rollup/rollup-android-arm-eabi': [ '4.53.2' ],
25 silly audit   '@rollup/rollup-android-arm64': [ '4.53.2' ],
25 silly audit   '@rollup/rollup-darwin-arm64': [ '4.53.2' ],
25 silly audit   '@rollup/rollup-darwin-x64': [ '4.53.2' ],
25 silly audit   '@rollup/rollup-freebsd-arm64': [ '4.53.2' ],
25 silly audit   '@rollup/rollup-freebsd-x64': [ '4.53.2' ],
25 silly audit   '@rollup/rollup-linux-arm-gnueabihf': [ '4.53.2' ],
25 silly audit   '@rollup/rollup-linux-arm-musleabihf': [ '4.53.2' ],
25 silly audit   '@rollup/rollup-linux-arm64-gnu': [ '4.53.2' ],
25 silly audit   '@rollup/rollup-linux-arm64-musl': [ '4.53.2' ],
25 silly audit   '@rollup/rollup-linux-loong64-gnu': [ '4.53.2' ],
25 silly audit   '@rollup/rollup-linux-ppc64-gnu': [ '4.53.2' ],
25 silly audit   '@rollup/rollup-linux-riscv64-gnu': [ '4.53.2' ],
25 silly audit   '@rollup/rollup-linux-riscv64-musl': [ '4.53.2' ],
25 silly audit   '@rollup/rollup-linux-s390x-gnu': [ '4.53.2' ],
25 silly audit   '@rollup/rollup-linux-x64-gnu': [ '4.53.2' ],
25 silly audit   '@rollup/rollup-linux-x64-musl': [ '4.53.2' ],
25 silly audit   '@rollup/rollup-openharmony-arm64': [ '4.53.2' ],
25 silly audit   '@rollup/rollup-win32-arm64-msvc': [ '4.53.2' ],
25 silly audit   '@rollup/rollup-win32-ia32-msvc': [ '4.53.2' ],
25 silly audit   '@rollup/rollup-win32-x64-gnu': [ '4.53.2' ],
25 silly audit   '@rollup/rollup-win32-x64-msvc': [ '4.53.2' ],
25 silly audit   '@swc/helpers': [ '0.5.17' ],
25 silly audit   '@types/babel__core': [ '7.20.5' ],
25 silly audit   '@types/babel__generator': [ '7.27.0' ],
25 silly audit   '@types/babel__template': [ '7.4.4' ],
25 silly audit   '@types/babel__traverse': [ '7.28.0' ],
25 silly audit   '@types/estree': [ '1.0.8' ],
25 silly audit   '@types/json-schema': [ '7.0.15' ],
25 silly audit   '@types/prop-types': [ '15.7.15' ],
25 silly audit   '@types/react': [ '19.2.5' ],
25 silly audit   '@types/react-dom': [ '19.2.3' ],
25 silly audit   '@types/react-transition-group': [ '4.4.12' ],
25 silly audit   '@types/warning': [ '3.0.3' ],
25 silly audit   '@vitejs/plugin-react': [ '5.1.1' ],
25 silly audit   acorn: [ '8.15.0' ],
25 silly audit   'acorn-jsx': [ '5.3.2' ],
25 silly audit   ajv: [ '6.12.6' ],
25 silly audit   'ansi-styles': [ '4.3.0' ],
25 silly audit   argparse: [ '2.0.1' ],
25 silly audit   asynckit: [ '0.4.0' ],
25 silly audit   axios: [ '1.13.2' ],
25 silly audit   'balanced-match': [ '1.0.2' ],
25 silly audit   'baseline-browser-mapping': [ '2.8.28' ],
25 silly audit   'brace-expansion': [ '1.1.12' ],
25 silly audit   browserslist: [ '4.28.0' ],
25 silly audit   'call-bind-apply-helpers': [ '1.0.2' ],
25 silly audit   callsites: [ '3.1.0' ],
25 silly audit   'caniuse-lite': [ '1.0.30001754' ],
25 silly audit   chalk: [ '4.1.2' ],
25 silly audit   classnames: [ '2.5.1' ],
25 silly audit   'color-convert': [ '2.0.1' ],
25 silly audit   'color-name': [ '1.1.4' ],
25 silly audit   'combined-stream': [ '1.0.8' ],
25 silly audit   'concat-map': [ '0.0.1' ],
25 silly audit   'convert-source-map': [ '2.0.0' ],
25 silly audit   'cross-spawn': [ '7.0.6' ],
25 silly audit   csstype: [ '3.2.0' ],
25 silly audit   debug: [ '4.4.3' ],
25 silly audit   'deep-is': [ '0.1.4' ],
25 silly audit   'delayed-stream': [ '1.0.0' ],
25 silly audit   dequal: [ '2.0.3' ],
25 silly audit   'dom-helpers': [ '5.2.1' ],
25 silly audit   'dunder-proto': [ '1.0.1' ],
25 silly audit   'electron-to-chromium': [ '1.5.253' ],
25 silly audit   'es-define-property': [ '1.0.1' ],
25 silly audit   'es-errors': [ '1.3.0' ],
25 silly audit   'es-object-atoms': [ '1.1.1' ],
25 silly audit   'es-set-tostringtag': [ '2.1.0' ],
25 silly audit   esbuild: [ '0.25.12' ],
25 silly audit   escalade: [ '3.2.0' ],
25 silly audit   'escape-string-regexp': [ '4.0.0' ],
25 silly audit   eslint: [ '9.39.1' ],
25 silly audit   'eslint-plugin-react-hooks': [ '7.0.1' ],
25 silly audit   'eslint-plugin-react-refresh': [ '0.4.24' ],
25 silly audit   'eslint-scope': [ '8.4.0' ],
25 silly audit   espree: [ '10.4.0' ],
25 silly audit   esquery: [ '1.6.0' ],
25 silly audit   esrecurse: [ '4.3.0' ],
25 silly audit   estraverse: [ '5.3.0' ],
25 silly audit   esutils: [ '2.0.3' ],
25 silly audit   'fast-deep-equal': [ '3.1.3' ],
25 silly audit   'fast-json-stable-stringify': [ '2.1.0' ],
25 silly audit   'fast-levenshtein': [ '2.0.6' ],
25 silly audit   fdir: [ '6.5.0' ],
25 silly audit   'file-entry-cache': [ '8.0.0' ],
25 silly audit   'find-up': [ '5.0.0' ],
25 silly audit   'flat-cache': [ '4.0.1' ],
25 silly audit   flatted: [ '3.3.3' ],
25 silly audit   'follow-redirects': [ '1.15.11' ],
25 silly audit   'form-data': [ '4.0.5' ],
25 silly audit   fsevents: [ '2.3.3' ],
25 silly audit   'function-bind': [ '1.1.2' ],
25 silly audit   gensync: [ '1.0.0-beta.2' ],
25 silly audit   'get-intrinsic': [ '1.3.0' ],
25 silly audit   'get-proto': [ '1.0.1' ],
25 silly audit   'glob-parent': [ '6.0.2' ],
25 silly audit   gopd: [ '1.2.0' ],
25 silly audit   'has-flag': [ '4.0.0' ],
25 silly audit   'has-symbols': [ '1.1.0' ],
25 silly audit   'has-tostringtag': [ '1.0.2' ],
25 silly audit   hasown: [ '2.0.2' ],
25 silly audit   'hermes-estree': [ '0.25.1' ],
25 silly audit   'hermes-parser': [ '0.25.1' ],
25 silly audit   ignore: [ '5.3.2' ],
25 silly audit   'import-fresh': [ '3.3.1' ],
25 silly audit   imurmurhash: [ '0.1.4' ],
25 silly audit   invariant: [ '2.2.4' ],
25 silly audit   'is-extglob': [ '2.1.1' ],
25 silly audit   'is-glob': [ '4.0.3' ],
25 silly audit   isexe: [ '2.0.0' ],
25 silly audit   'js-tokens': [ '4.0.0' ],
25 silly audit   'js-yaml': [ '4.1.1' ],
25 silly audit   jsesc: [ '3.1.0' ],
25 silly audit   'json-buffer': [ '3.0.1' ],
25 silly audit   'json-schema-traverse': [ '0.4.1' ],
25 silly audit   'json-stable-stringify-without-jsonify': [ '1.0.1' ],
25 silly audit   json5: [ '2.2.3' ],
25 silly audit   keyv: [ '4.5.4' ],
25 silly audit   levn: [ '0.4.1' ],
25 silly audit   'locate-path': [ '6.0.0' ],
25 silly audit   'lodash.merge': [ '4.6.2' ],
25 silly audit   'loose-envify': [ '1.4.0' ],
25 silly audit   'lru-cache': [ '5.1.1' ],
25 silly audit   'math-intrinsics': [ '1.1.0' ],
25 silly audit   'mime-db': [ '1.52.0' ],
25 silly audit   'mime-types': [ '2.1.35' ],
25 silly audit   minimatch: [ '3.1.2' ],
25 silly audit   ms: [ '2.1.3' ],
25 silly audit   nanoid: [ '3.3.11' ],
25 silly audit   'natural-compare': [ '1.4.0' ],
25 silly audit   'node-releases': [ '2.0.27' ],
25 silly audit   'object-assign': [ '4.1.1' ],
25 silly audit   optionator: [ '0.9.4' ],
25 silly audit   'p-limit': [ '3.1.0' ],
25 silly audit   'p-locate': [ '5.0.0' ],
25 silly audit   'parent-module': [ '1.0.1' ],
25 silly audit   'path-exists': [ '4.0.0' ],
25 silly audit   'path-key': [ '3.1.1' ],
25 silly audit   picocolors: [ '1.1.1' ],
25 silly audit   picomatch: [ '4.0.3' ],
25 silly audit   postcss: [ '8.5.6' ],
25 silly audit   'prelude-ls': [ '1.2.1' ],
25 silly audit   'prop-types': [ '15.8.1' ],
25 silly audit   'prop-types-extra': [ '1.1.1' ],
25 silly audit   'proxy-from-env': [ '1.1.0' ],
25 silly audit   punycode: [ '2.3.1' ],
25 silly audit   react: [ '19.2.0' ],
25 silly audit   'react-bootstrap': [ '2.10.10' ],
25 silly audit   'react-dom': [ '19.2.0' ],
25 silly audit   'react-is': [ '16.13.1' ],
25 silly audit   'react-lifecycles-compat': [ '3.0.4' ],
25 silly audit   'react-refresh': [ '0.18.0' ],
25 silly audit   'react-transition-group': [ '4.4.5' ],
25 silly audit   'resolve-from': [ '4.0.0' ],
25 silly audit   rollup: [ '4.53.2' ],
25 silly audit   scheduler: [ '0.27.0' ],
25 silly audit   semver: [ '6.3.1' ],
25 silly audit   'shebang-command': [ '2.0.0' ],
25 silly audit   'shebang-regex': [ '3.0.0' ],
25 silly audit   'source-map-js': [ '1.2.1' ],
25 silly audit   'strip-json-comments': [ '3.1.1' ],
25 silly audit   'supports-color': [ '7.2.0' ],
25 silly audit   tinyglobby: [ '0.2.15' ],
25 silly audit   tslib: [ '2.8.1' ],
25 silly audit   'type-check': [ '0.4.0' ],
25 silly audit   'update-browserslist-db': [ '1.1.4' ],
25 silly audit   'uri-js': [ '4.4.1' ],
25 silly audit   vite: [ '7.2.2' ],
25 silly audit   warning: [ '4.0.3' ],
25 silly audit   which: [ '2.0.2' ],
25 silly audit   'word-wrap': [ '1.2.5' ],
25 silly audit   yallist: [ '3.1.1' ],
25 silly audit   'yocto-queue': [ '0.1.0' ],
25 silly audit   zod: [ '4.1.12' ],
25 silly audit   'zod-validation-error': [ '4.0.2' ],
25 silly audit   bootstrap: [ '5.3.8' ]
25 silly audit }
26 verbose reify failed optional dependency F:\CodeforGo\MagicStreamMovies\Client\magic-stream-client\node_modules\fsevents
27 silly reify mark deleted [
27 silly reify   'F:\\CodeforGo\\MagicStreamMovies\\Client\\magic-stream-client\\node_modules\\fsevents'
27 silly reify ]
28 verbose reify failed optional dependency F:\CodeforGo\MagicStreamMovies\Client\magic-stream-client\node_modules\@rollup\rollup-win32-ia32-msvc
29 silly reify mark deleted [
29 silly reify   'F:\\CodeforGo\\MagicStreamMovies\\Client\\magic-stream-client\\node_modules\\@rollup\\rollup-win32-ia32-msvc'
29 silly reify ]
30 verbose reify failed optional dependency F:\CodeforGo\MagicStreamMovies\Client\magic-stream-client\node_modules\@rollup\rollup-win32-arm64-msvc
31 silly reify mark deleted [
31 silly reify   'F:\\CodeforGo\\MagicStreamMovies\\Client\\magic-stream-client\\node_modules\\@rollup\\rollup-win32-arm64-msvc'
31 silly reify ]
32 verbose reify failed optional dependency F:\CodeforGo\MagicStreamMovies\Client\magic-stream-client\node_modules\@rollup\rollup-openharmony-arm64
33 silly reify mark deleted [
33 silly reify   'F:\\CodeforGo\\MagicStreamMovies\\Client\\magic-stream-client\\node_modules\\@rollup\\rollup-openharmony-arm64'
33 silly reify ]
34 verbose reify failed optional dependency F:\CodeforGo\MagicStreamMovies\Client\magic-stream-client\node_modules\@rollup\rollup-linux-x64-musl
35 silly reify mark deleted [
35 silly reify   'F:\\CodeforGo\\MagicStreamMovies\\Client\\magic-stream-client\\node_modules\\@rollup\\rollup-linux-x64-musl'
35 silly reify ]
36 verbose reify failed optional dependency F:\CodeforGo\MagicStreamMovies\Client\magic-stream-client\node_modules\@rollup\rollup-linux-x64-gnu
37 silly reify mark deleted [
37 silly reify   'F:\\CodeforGo\\MagicStreamMovies\\Client\\magic-stream-client\\node_modules\\@rollup\\rollup-linux-x64-gnu'
37 silly reify ]
38 verbose reify failed optional dependency F:\CodeforGo\MagicStreamMovies\Client\magic-stream-client\node_modules\@rollup\rollup-linux-s390x-gnu
39 silly reify mark deleted [
39 silly reify   'F:\\CodeforGo\\MagicStreamMovies\\Client\\magic-stream-client\\node_modules\\@rollup\\rollup-linux-s390x-gnu'
39 silly reify ]
40 verbose reify failed optional dependency F:\CodeforGo\MagicStreamMovies\Client\magic-stream-client\node_modules\@rollup\rollup-linux-riscv64-musl
41 silly reify mark deleted [
41 silly reify   'F:\\CodeforGo\\MagicStreamMovies\\Client\\magic-stream-client\\node_modules\\@rollup\\rollup-linux-riscv64-musl'
41 silly reify ]
42 verbose reify failed optional dependency F:\CodeforGo\MagicStreamMovies\Client\magic-stream-client\node_modules\@rollup\rollup-linux-riscv64-gnu
43 silly reify mark deleted [
43 silly reify   'F:\\CodeforGo\\MagicStreamMovies\\Client\\magic-stream-client\\node_modules\\@rollup\\rollup-linux-riscv64-gnu'
43 silly reify ]
44 verbose reify failed optional dependency F:\CodeforGo\MagicStreamMovies\Client\magic-stream-client\node_modules\@rollup\rollup-linux-ppc64-gnu
45 silly reify mark deleted [
45 silly reify   'F:\\CodeforGo\\MagicStreamMovies\\Client\\magic-stream-client\\node_modules\\@rollup\\rollup-linux-ppc64-gnu'
45 silly reify ]
46 verbose reify failed optional dependency F:\CodeforGo\MagicStreamMovies\Client\magic-stream-client\node_modules\@rollup\rollup-linux-loong64-gnu
47 silly reify mark deleted [
47 silly reify   'F:\\CodeforGo\\MagicStreamMovies\\Client\\magic-stream-client\\node_modules\\@rollup\\rollup-linux-loong64-gnu'
47 silly reify ]
48 verbose reify failed optional dependency F:\CodeforGo\MagicStreamMovies\Client\magic-stream-client\node_modules\@rollup\rollup-linux-arm64-musl
49 silly reify mark deleted [
49 silly reify   'F:\\CodeforGo\\MagicStreamMovies\\Client\\magic-stream-client\\node_modules\\@rollup\\rollup-linux-arm64-musl'
49 silly reify ]
50 verbose reify failed optional dependency F:\CodeforGo\MagicStreamMovies\Client\magic-stream-client\node_modules\@rollup\rollup-linux-arm64-gnu
51 silly reify mark deleted [
51 silly reify   'F:\\CodeforGo\\MagicStreamMovies\\Client\\magic-stream-client\\node_modules\\@rollup\\rollup-linux-arm64-gnu'
51 silly reify ]
52 verbose reify failed optional dependency F:\CodeforGo\MagicStreamMovies\Client\magic-stream-client\node_modules\@rollup\rollup-linux-arm-musleabihf
53 silly reify mark deleted [
53 silly reify   'F:\\CodeforGo\\MagicStreamMovies\\Client\\magic-stream-client\\node_modules\\@rollup\\rollup-linux-arm-musleabihf'
53 silly reify ]
54 verbose reify failed optional dependency F:\CodeforGo\MagicStreamMovies\Client\magic-stream-client\node_modules\@rollup\rollup-linux-arm-gnueabihf
55 silly reify mark deleted [
55 silly reify   'F:\\CodeforGo\\MagicStreamMovies\\Client\\magic-stream-client\\node_modules\\@rollup\\rollup-linux-arm-gnueabihf'
55 silly reify ]
56 verbose reify failed optional dependency F:\CodeforGo\MagicStreamMovies\Client\magic-stream-client\node_modules\@rollup\rollup-freebsd-x64
57 silly reify mark deleted [
57 silly reify   'F:\\CodeforGo\\MagicStreamMovies\\Client\\magic-stream-client\\node_modules\\@rollup\\rollup-freebsd-x64'
57 silly reify ]
58 verbose reify failed optional dependency F:\CodeforGo\MagicStreamMovies\Client\magic-stream-client\node_modules\@rollup\rollup-freebsd-arm64
59 silly reify mark deleted [
59 silly reify   'F:\\CodeforGo\\MagicStreamMovies\\Client\\magic-stream-client\\node_modules\\@rollup\\rollup-freebsd-arm64'
59 silly reify ]
60 verbose reify failed optional dependency F:\CodeforGo\MagicStreamMovies\Client\magic-stream-client\node_modules\@rollup\rollup-darwin-x64
61 silly reify mark deleted [
61 silly reify   'F:\\CodeforGo\\MagicStreamMovies\\Client\\magic-stream-client\\node_modules\\@rollup\\rollup-darwin-x64'
61 silly reify ]
62 verbose reify failed optional dependency F:\CodeforGo\MagicStreamMovies\Client\magic-stream-client\node_modules\@rollup\rollup-darwin-arm64
63 silly reify mark deleted [
63 silly reify   'F:\\CodeforGo\\MagicStreamMovies\\Client\\magic-stream-client\\node_modules\\@rollup\\rollup-darwin-arm64'
63 silly reify ]
64 verbose reify failed optional dependency F:\CodeforGo\MagicStreamMovies\Client\magic-stream-client\node_modules\@rollup\rollup-android-arm64
65 silly reify mark deleted [
65 silly reify   'F:\\CodeforGo\\MagicStreamMovies\\Client\\magic-stream-client\\node_modules\\@rollup\\rollup-android-arm64'
65 silly reify ]
66 verbose reify failed optional dependency F:\CodeforGo\MagicStreamMovies\Client\magic-stream-client\node_modules\@rollup\rollup-android-arm-eabi
67 silly reify mark deleted [
67 silly reify   'F:\\CodeforGo\\MagicStreamMovies\\Client\\magic-stream-client\\node_modules\\@rollup\\rollup-android-arm-eabi'
67 silly reify ]
68 verbose reify failed optional dependency F:\CodeforGo\MagicStreamMovies\Client\magic-stream-client\node_modules\@esbuild\win32-ia32
69 silly reify mark deleted [
69 silly reify   'F:\\CodeforGo\\MagicStreamMovies\\Client\\magic-stream-client\\node_modules\\@esbuild\\win32-ia32'
69 silly reify ]
70 verbose reify failed optional dependency F:\CodeforGo\MagicStreamMovies\Client\magic-stream-client\node_modules\@esbuild\win32-arm64
71 silly reify mark deleted [
71 silly reify   'F:\\CodeforGo\\MagicStreamMovies\\Client\\magic-stream-client\\node_modules\\@esbuild\\win32-arm64'
71 silly reify ]
72 verbose reify failed optional dependency F:\CodeforGo\MagicStreamMovies\Client\magic-stream-client\node_modules\@esbuild\sunos-x64
73 silly reify mark deleted [
73 silly reify   'F:\\CodeforGo\\MagicStreamMovies\\Client\\magic-stream-client\\node_modules\\@esbuild\\sunos-x64'
73 silly reify ]
74 verbose reify failed optional dependency F:\CodeforGo\MagicStreamMovies\Client\magic-stream-client\node_modules\@esbuild\openharmony-arm64
75 silly reify mark deleted [
75 silly reify   'F:\\CodeforGo\\MagicStreamMovies\\Client\\magic-stream-client\\node_modules\\@esbuild\\openharmony-arm64'
75 silly reify ]
76 verbose reify failed optional dependency F:\CodeforGo\MagicStreamMovies\Client\magic-stream-client\node_modules\@esbuild\openbsd-x64
77 silly reify mark deleted [
77 silly reify   'F:\\CodeforGo\\MagicStreamMovies\\Client\\magic-stream-client\\node_modules\\@esbuild\\openbsd-x64'
77 silly reify ]
78 verbose reify failed optional dependency F:\CodeforGo\MagicStreamMovies\Client\magic-stream-client\node_modules\@esbuild\openbsd-arm64
79 silly reify mark deleted [
79 silly reify   'F:\\CodeforGo\\MagicStreamMovies\\Client\\magic-stream-client\\node_modules\\@esbuild\\openbsd-arm64'
79 silly reify ]
80 verbose reify failed optional dependency F:\CodeforGo\MagicStreamMovies\Client\magic-stream-client\node_modules\@esbuild\netbsd-x64
81 silly reify mark deleted [
81 silly reify   'F:\\CodeforGo\\MagicStreamMovies\\Client\\magic-stream-client\\node_modules\\@esbuild\\netbsd-x64'
81 silly reify ]
82 verbose reify failed optional dependency F:\CodeforGo\MagicStreamMovies\Client\magic-stream-client\node_modules\@esbuild\netbsd-arm64
83 silly reify mark deleted [
83 silly reify   'F:\\CodeforGo\\MagicStreamMovies\\Client\\magic-stream-client\\node_modules\\@esbuild\\netbsd-arm64'
83 silly reify ]
84 verbose reify failed optional dependency F:\CodeforGo\MagicStreamMovies\Client\magic-stream-client\node_modules\@esbuild\linux-x64
85 silly reify mark deleted [
85 silly reify   'F:\\CodeforGo\\MagicStreamMovies\\Client\\magic-stream-client\\node_modules\\@esbuild\\linux-x64'
85 silly reify ]
86 verbose reify failed optional dependency F:\CodeforGo\MagicStreamMovies\Client\magic-stream-client\node_modules\@esbuild\linux-s390x
87 silly reify mark deleted [
87 silly reify   'F:\\CodeforGo\\MagicStreamMovies\\Client\\magic-stream-client\\node_modules\\@esbuild\\linux-s390x'
87 silly reify ]
88 verbose reify failed optional dependency F:\CodeforGo\MagicStreamMovies\Client\magic-stream-client\node_modules\@esbuild\linux-riscv64
89 silly reify mark deleted [
89 silly reify   'F:\\CodeforGo\\MagicStreamMovies\\Client\\magic-stream-client\\node_modules\\@esbuild\\linux-riscv64'
89 silly reify ]
90 verbose reify failed optional dependency F:\CodeforGo\MagicStreamMovies\Client\magic-stream-client\node_modules\@esbuild\linux-ppc64
91 silly reify mark deleted [
91 silly reify   'F:\\CodeforGo\\MagicStreamMovies\\Client\\magic-stream-client\\node_modules\\@esbuild\\linux-ppc64'
91 silly reify ]
92 verbose reify failed optional dependency F:\CodeforGo\MagicStreamMovies\Client\magic-stream-client\node_modules\@esbuild\linux-mips64el
93 silly reify mark deleted [
93 silly reify   'F:\\CodeforGo\\MagicStreamMovies\\Client\\magic-stream-client\\node_modules\\@esbuild\\linux-mips64el'
93 silly reify ]
94 verbose reify failed optional dependency F:\CodeforGo\MagicStreamMovies\Client\magic-stream-client\node_modules\@esbuild\linux-loong64
95 silly reify mark deleted [
95 silly reify   'F:\\CodeforGo\\MagicStreamMovies\\Client\\magic-stream-client\\node_modules\\@esbuild\\linux-loong64'
95 silly reify ]
96 verbose reify failed optional dependency F:\CodeforGo\MagicStreamMovies\Client\magic-stream-client\node_modules\@esbuild\linux-ia32
97 silly reify mark deleted [
97 silly reify   'F:\\CodeforGo\\MagicStreamMovies\\Client\\magic-stream-client\\node_modules\\@esbuild\\linux-ia32'
97 silly reify ]
98 verbose reify failed optional dependency F:\CodeforGo\MagicStreamMovies\Client\magic-stream-client\node_modules\@esbuild\linux-arm64
99 silly reify mark deleted [
99 silly reify   'F:\\CodeforGo\\MagicStreamMovies\\Client\\magic-stream-client\\node_modules\\@esbuild\\linux-arm64'
99 silly reify ]
100 verbose reify failed optional dependency F:\CodeforGo\MagicStreamMovies\Client\magic-stream-client\node_modules\@esbuild\linux-arm
101 silly reify mark deleted [
101 silly reify   'F:\\CodeforGo\\MagicStreamMovies\\Client\\magic-stream-client\\node_modules\\@esbuild\\linux-arm'
101 silly reify ]
102 verbose reify failed optional dependency F:\CodeforGo\MagicStreamMovies\Client\magic-stream-client\node_modules\@esbuild\freebsd-x64
103 silly reify mark deleted [
103 silly reify   'F:\\CodeforGo\\MagicStreamMovies\\Client\\magic-stream-client\\node_modules\\@esbuild\\freebsd-x64'
103 silly reify ]
104 verbose reify failed optional dependency F:\CodeforGo\MagicStreamMovies\Client\magic-stream-client\node_modules\@esbuild\freebsd-arm64
105 silly reify mark deleted [
105 silly reify   'F:\\CodeforGo\\MagicStreamMovies\\Client\\magic-stream-client\\node_modules\\@esbuild\\freebsd-arm64'
105 silly reify ]
106 verbose reify failed optional dependency F:\CodeforGo\MagicStreamMovies\Client\magic-stream-client\node_modules\@esbuild\darwin-x64
107 silly reify mark deleted [
107 silly reify   'F:\\CodeforGo\\MagicStreamMovies\\Client\\magic-stream-client\\node_modules\\@esbuild\\darwin-x64'
107 silly reify ]
108 verbose reify failed optional dependency F:\CodeforGo\MagicStreamMovies\Client\magic-stream-client\node_modules\@esbuild\darwin-arm64
109 silly reify mark deleted [
109 silly reify   'F:\\CodeforGo\\MagicStreamMovies\\Client\\magic-stream-client\\node_modules\\@esbuild\\darwin-arm64'
109 silly reify ]
110 verbose reify failed optional dependency F:\CodeforGo\MagicStreamMovies\Client\magic-stream-client\node_modules\@esbuild\android-x64
111 silly reify mark deleted [
111 silly reify   'F:\\CodeforGo\\MagicStreamMovies\\Client\\magic-stream-client\\node_modules\\@esbuild\\android-x64'
111 silly reify ]
112 verbose reify failed optional dependency F:\CodeforGo\MagicStreamMovies\Client\magic-stream-client\node_modules\@esbuild\android-arm64
113 silly reify mark deleted [
113 silly reify   'F:\\CodeforGo\\MagicStreamMovies\\Client\\magic-stream-client\\node_modules\\@esbuild\\android-arm64'
113 silly reify ]
114 verbose reify failed optional dependency F:\CodeforGo\MagicStreamMovies\Client\magic-stream-client\node_modules\@esbuild\android-arm
115 silly reify mark deleted [
115 silly reify   'F:\\CodeforGo\\MagicStreamMovies\\Client\\magic-stream-client\\node_modules\\@esbuild\\android-arm'
115 silly reify ]
116 verbose reify failed optional dependency F:\CodeforGo\MagicStreamMovies\Client\magic-stream-client\node_modules\@esbuild\aix-ppc64
117 silly reify mark deleted [
117 silly reify   'F:\\CodeforGo\\MagicStreamMovies\\Client\\magic-stream-client\\node_modules\\@esbuild\\aix-ppc64'
117 silly reify ]
118 http cache bootstrap@https://registry.npmjs.org/bootstrap/-/bootstrap-5.3.8.tgz 0ms (cache hit)
119 silly tarball no local data for bootstrap@https://registry.npmjs.org/bootstrap/-/bootstrap-5.3.8.tgz. Extracting by manifest.
120 http fetch POST 200 https://registry.npmjs.org/-/npm/v1/security/advisories/bulk 204ms
121 silly audit report {}
122 http fetch GET 200 https://registry.npmjs.org/bootstrap/-/bootstrap-5.3.8.tgz 1707ms (cache miss)
123 silly ADD node_modules/bootstrap
124 silly ADD
125 silly ADD
126 silly ADD
127 silly ADD
128 silly ADD
129 silly ADD
130 silly ADD
131 silly ADD
132 silly ADD
133 silly ADD
134 silly ADD
135 silly ADD
136 silly ADD
137 silly ADD
138 silly ADD
139 silly ADD
140 silly ADD
141 silly ADD
142 silly ADD
143 silly ADD
144 silly ADD
145 silly ADD
146 silly ADD
147 silly ADD
148 silly ADD
149 silly ADD
150 silly ADD
151 silly ADD
152 silly ADD
153 silly ADD
154 silly ADD
155 silly ADD
156 silly ADD
157 silly ADD
158 silly ADD
159 silly ADD
160 silly ADD
161 silly ADD
162 silly ADD
163 silly ADD
164 silly ADD
165 silly ADD
166 silly ADD
167 silly ADD
168 silly ADD
169 silly ADD
170 verbose cwd F:\CodeforGo\MagicStreamMovies\Client\magic-stream-client
171 verbose os Windows_NT 10.0.26200
172 verbose node v22.18.0
173 verbose npm  v10.9.3
174 verbose exit 0
175 info ok
