0 verbose cli E:\Node\node.exe E:\Node\node_modules\npm\bin\npm-cli.js
1 info using npm@10.9.3
2 info using node@v22.18.0
3 silly config load:file:E:\Node\node_modules\npm\npmrc
4 silly config load:file:C:\Users\nishu\AppData\Local\Microsoft\TypeScript\5.9\.npmrc
5 silly config load:file:C:\Users\nishu\.npmrc
6 silly config load:file:E:\Node\node_global\etc\npmrc
7 verbose title npm install types-registry@latest
8 verbose argv "install" "--ignore-scripts" "types-registry@latest"
9 verbose logfile logs-max:10 dir:F:\CodeforGo\MagicStreamMovies\npm-cache\_logs\2025-11-21T06_07_45_519Z-
10 verbose logfile F:\CodeforGo\MagicStreamMovies\npm-cache\_logs\2025-11-21T06_07_45_519Z-debug-0.log
11 silly logfile done cleaning log files
12 silly packumentCache heap:2197815296 maxSize:549453824 maxEntrySize:274726912
13 silly packumentCache corgi:https://registry.npmjs.org/types-registry cache-miss
14 http fetch GET 200 https://registry.npmjs.org/types-registry 768ms (cache revalidated)
15 silly packumentCache corgi:https://registry.npmjs.org/types-registry set size:612042 disposed:false
16 silly idealTree buildDeps
17 silly fetch manifest types-registry@0.1.746
18 silly packumentCache full:https://registry.npmjs.org/types-registry cache-miss
19 http fetch GET 200 https://registry.npmjs.org/types-registry 206ms (cache revalidated)
20 silly packumentCache full:https://registry.npmjs.org/types-registry set size:1311504 disposed:false
21 silly placeDep ROOT types-registry@0.1.746 REPLACE for:  want: 0.1.746
22 silly reify moves {}
23 silly audit bulk request {
23 silly audit   '@popperjs/core': [ '2.11.8' ],
23 silly audit   '@types/bootstrap': [ '5.2.10' ],
23 silly audit   '@types/react': [ '19.2.5' ],
23 silly audit   csstype: [ '3.2.0' ],
23 silly audit   'types-registry': [ '0.1.746' ]
23 silly audit }
24 http fetch POST 200 https://registry.npmjs.org/-/npm/v1/security/advisories/bulk 204ms
25 silly audit report {}
26 verbose cwd C:\Users\nishu\AppData\Local\Microsoft\TypeScript\5.9
27 verbose os Windows_NT 10.0.26200
28 verbose node v22.18.0
29 verbose npm  v10.9.3
30 verbose exit 0
31 info ok
